<?xml version="1.0" encoding="UTF-8"?>
<!-- Generated by org.testng.reporters.JUnitXMLReporter -->
<testsuite hostname="DESKTOP-R6HTLRL" ignored="0" name="FireFoxTest" tests="2" failures="2" timestamp="2023-01-11T09:55:14 IST" time="0.015" errors="0">
  <testcase name="maybellin" time="0.002" classname="beautyProducts.TC_BeautyProducts_013">
    <failure type="beautyProducts.TC_BeautyProducts_013$browserInvalidexception" message="please enter a valid browser">
      <![CDATA[beautyProducts.TC_BeautyProducts_013$browserInvalidexception: please enter a valid browser
at beautyProducts.TC_BeautyProducts_013.maybellin(TC_BeautyProducts_013.java:25)
at java.util.ArrayList.forEach(ArrayList.java:1257)
... Removed 27 stack frames]]>
    </failure>
  </testcase> <!-- maybellin -->
  <testcase name="purple" time="0.003" classname="beautyProducts.TC_BeautyProducts_011">
    <failure type="java.lang.NullPointerException">
      <![CDATA[java.lang.NullPointerException
at beautyProducts.TC_BeautyProducts_011.purple(TC_BeautyProducts_011.java:29)
at java.util.ArrayList.forEach(ArrayList.java:1257)
... Removed 27 stack frames]]>
    </failure>
  </testcase> <!-- purple -->
</testsuite> <!-- FireFoxTest -->
