<?xml version="1.0" encoding="UTF-8"?>
<!-- Generated by org.testng.reporters.JUnitXMLReporter -->
<testsuite hostname="DESKTOP-R6HTLRL" ignored="1" name="Test" tests="3" failures="0" timestamp="2023-01-12T16:55:50 IST" time="34.917" errors="0">
  <testcase name="maybellin" time="17.036" classname="beautyProducts.TC_BeautyProducts_013"/>
  <testcase name="zomato" time="14.228" classname="shoppingcCart.TC_ShoppingCart_021"/>
  <testcase name="Dunzo" time="3.577" classname="shoppingcCart.TC_ShoppingCart_022"/>
  <testcase name="purple" time="0.0" classname="beautyProducts.TC_BeautyProducts_011">
    <ignored/>
  </testcase> <!-- purple -->
</testsuite> <!-- Test -->
